<?xml version="1.0" encoding="UTF-8"?>
<!-- Generated by org.testng.reporters.JUnitReportReporter -->
<testsuite hostname="DESKTOP-O7O7JU5" failures="0" tests="2" name="com.TestNGPractice.TestNGParallelExecution" time="7.752" errors="0" timestamp="2025-09-21T19:00:50 IST" skipped="0">
  <testcase classname="com.TestNGPractice.TestNGParallelExecution" name="Flipkart" time="4.050"/>
  <testcase classname="com.TestNGPractice.TestNGParallelExecution" name="github" time="3.702"/>
</testsuite> <!-- com.TestNGPractice.TestNGParallelExecution -->
