<?xml version="1.0" encoding="UTF-8"?>
<!-- Generated by org.testng.reporters.JUnitReportReporter -->
<testsuite hostname="DESKTOP-O7O7JU5" failures="0" tests="2" name="com.DataProvider.DataproviderEx" time="25.257" errors="0" timestamp="2025-10-04T23:28:21 IST" skipped="0">
  <testcase classname="com.DataProvider.DataproviderEx" name="Dataprovide1r" time="13.219"/>
  <testcase classname="com.DataProvider.DataproviderEx" name="Dataprovide1r" time="12.038"/>
</testsuite> <!-- com.DataProvider.DataproviderEx -->
