<?xml version="1.0" encoding="UTF-8"?>
<!-- Generated by org.testng.reporters.JUnitReportReporter -->
<testsuite hostname="DESKTOP-O7O7JU5" failures="0" tests="1" name="com.TestNGPractice.TestNGExecutionOrder" time="1.150" errors="0" timestamp="2025-09-21T22:00:53 IST" skipped="0">
  <testcase classname="com.TestNGPractice.TestNGExecutionOrder" name="URL" time="1.150"/>
</testsuite> <!-- com.TestNGPractice.TestNGExecutionOrder -->
