<?xml version="1.0" encoding="UTF-8"?>
<!-- Generated by org.testng.reporters.JUnitReportReporter -->
<testsuite hostname="DESKTOP-O7O7JU5" failures="0" tests="1" name="com.TestNGPractice.TestNGAnnotationsOrder" time="0.009" errors="0" timestamp="2025-09-21T17:21:20 IST" skipped="0">
  <testcase classname="com.TestNGPractice.TestNGAnnotationsOrder" name="TestSuite" time="0.009"/>
</testsuite> <!-- com.TestNGPractice.TestNGAnnotationsOrder -->
