<?xml version="1.0" encoding="UTF-8"?>
<!-- Generated by org.testng.reporters.JUnitReportReporter -->
<testsuite hostname="DESKTOP-O7O7JU5" failures="0" tests="2" name="com.TestNGPractice.TestNGParameters" time="0.013" errors="0" timestamp="2025-09-21T17:47:56 IST" skipped="0">
  <testcase classname="com.TestNGPractice.TestNGParameters" name="parameterex" time="0.009"/>
  <testcase classname="com.TestNGPractice.TestNGParameters" name="parameterex2" time="0.004"/>
</testsuite> <!-- com.TestNGPractice.TestNGParameters -->
