<?xml version="1.0" encoding="UTF-8"?>
<!-- Generated by org.testng.reporters.JUnitReportReporter -->
<testsuite hostname="DESKTOP-O7O7JU5" failures="0" tests="2" name="com.TestNGPractice.TestNGParallelExecution2" time="7.007" errors="0" timestamp="2025-09-21T19:00:50 IST" skipped="0">
  <testcase classname="com.TestNGPractice.TestNGParallelExecution2" name="demoblaze" time="2.988"/>
  <testcase classname="com.TestNGPractice.TestNGParallelExecution2" name="PostMan" time="4.019"/>
</testsuite> <!-- com.TestNGPractice.TestNGParallelExecution2 -->
