<?xml version="1.0" encoding="UTF-8"?>
<!-- Generated by org.testng.reporters.JUnitReportReporter -->
<testsuite hostname="DESKTOP-O7O7JU5" failures="0" tests="2" name="com.DataProvider.DataproviderEx2" time="26.554" errors="0" timestamp="2025-10-05T00:09:18 IST" skipped="0">
  <testcase classname="com.DataProvider.DataproviderEx2" name="Dataprovider1" time="11.933"/>
  <testcase classname="com.DataProvider.DataproviderEx2" name="Dataprovider1" time="14.621"/>
</testsuite> <!-- com.DataProvider.DataproviderEx2 -->
