<?xml version="1.0" encoding="UTF-8"?>
<!-- Generated by org.testng.reporters.JUnitReportReporter -->
<testsuite hostname="DESKTOP-O7O7JU5" failures="0" tests="1" name="com.TestNGPractice.TestNGAnnotationOrder" time="0.013" errors="0" timestamp="2025-09-21T22:06:16 IST" skipped="0">
  <testcase classname="com.TestNGPractice.TestNGAnnotationOrder" name="f" time="0.013"/>
</testsuite> <!-- com.TestNGPractice.TestNGAnnotationOrder -->
