<?xml version="1.0" encoding="UTF-8"?>
<!-- Generated by org.testng.reporters.JUnitReportReporter -->
<testsuite hostname="DESKTOP-O7O7JU5" failures="0" tests="3" name="com.TestNGPractice.TestNGTest" time="0.015" errors="0" timestamp="2025-09-21T22:00:53 IST" skipped="0">
  <testcase classname="com.TestNGPractice.TestNGTest" name="ABCTC0" time="0.004"/>
  <testcase classname="com.TestNGPractice.TestNGTest" name="FirstTC0" time="0.006"/>
  <testcase classname="com.TestNGPractice.TestNGTest" name="ABCTC" time="0.005"/>
</testsuite> <!-- com.TestNGPractice.TestNGTest -->
