<?xml version="1.0" encoding="UTF-8"?>
<!-- Generated by org.testng.reporters.JUnitReportReporter -->
<testsuite hostname="DESKTOP-O7O7JU5" failures="0" tests="1" name="com.TestNGPractice.TestNGGroups" time="0.010" errors="0" timestamp="2025-09-21T17:15:25 IST" skipped="0">
  <testcase classname="com.TestNGPractice.TestNGGroups" name="Group2" time="0.010"/>
</testsuite> <!-- com.TestNGPractice.TestNGGroups -->
