<?xml version="1.0" encoding="UTF-8"?>
<!-- Generated by org.testng.reporters.JUnitReportReporter -->
<testsuite hostname="DESKTOP-O7O7JU5" failures="0" tests="6" name="com.TestNGPractice.TestNGTestPriority" time="0.023" errors="0" timestamp="2025-09-20T20:44:46 IST" skipped="0">
  <testcase classname="com.TestNGPractice.TestNGTestPriority" name="ABCTC5" time="0.013"/>
  <testcase classname="com.TestNGPractice.TestNGTestPriority" name="FirstTC" time="0.002"/>
  <testcase classname="com.TestNGPractice.TestNGTestPriority" name="ZZXX" time="0.001"/>
  <testcase classname="com.TestNGPractice.TestNGTestPriority" name="SETS2" time="0.002"/>
  <testcase classname="com.TestNGPractice.TestNGTestPriority" name="SETS" time="0.002"/>
  <testcase classname="com.TestNGPractice.TestNGTestPriority" name="ZZZ" time="0.003"/>
</testsuite> <!-- com.TestNGPractice.TestNGTestPriority -->
