<?xml version="1.0" encoding="UTF-8"?>
<!-- Generated by org.testng.reporters.JUnitReportReporter -->
<testsuite hostname="DESKTOP-O7O7JU5" failures="0" tests="1" name="com.pageobjectTestcases.LoginTestcase2" time="14.239" errors="0" timestamp="2025-09-28T17:46:18 IST" skipped="0">
  <testcase classname="com.pageobjectTestcases.LoginTestcase2" name="Login" time="14.239"/>
</testsuite> <!-- com.pageobjectTestcases.LoginTestcase2 -->
