<?xml version="1.0" encoding="UTF-8"?>
<!-- Generated by org.testng.reporters.JUnitReportReporter -->
<testsuite hostname="DESKTOP-O7O7JU5" failures="0" tests="1" name="com.pageobjectTestcases.LoginTestcase" time="13.966" errors="0" timestamp="2025-09-28T17:07:30 IST" skipped="0">
  <testcase classname="com.pageobjectTestcases.LoginTestcase" name="Login" time="13.966"/>
</testsuite> <!-- com.pageobjectTestcases.LoginTestcase -->
