<?xml version="1.0" encoding="UTF-8"?>
<!-- Generated by org.testng.reporters.JUnitReportReporter -->
<testsuite hostname="DESKTOP-O7O7JU5" failures="0" tests="2" name="com.TestNGPractice.TestNGTestDependsON" time="0.010" errors="0" timestamp="2025-09-20T20:57:09 IST" skipped="0">
  <testcase classname="com.TestNGPractice.TestNGTestDependsON" name="SecondTC" time="0.001"/>
  <testcase classname="com.TestNGPractice.TestNGTestDependsON" name="FirstTC" time="0.009"/>
</testsuite> <!-- com.TestNGPractice.TestNGTestDependsON -->
